2025-09-30 11:32:37 [main] INFO  c.d.g.p.DecentralizedGamingPlatformApplication - Starting DecentralizedGamingPlatformApplication using Java 21.0.8 with PID 9980 (D:\去中心化游戏\Decentralized-gaming-platform\target\classes started by Administrator in D:\去中心化游戏\Decentralized-gaming-platform)
2025-09-30 11:32:37 [main] DEBUG c.d.g.p.DecentralizedGamingPlatformApplication - Running with Spring Boot v3.3.4, Spring v6.1.13
2025-09-30 11:32:37 [main] INFO  c.d.g.p.DecentralizedGamingPlatformApplication - No active profile set, falling back to 1 default profile: "default"
2025-09-30 11:32:39 [main] INFO  o.s.boot.web.embedded.tomcat.TomcatWebServer - Tomcat initialized with port 8080 (http)
2025-09-30 11:32:39 [main] INFO  org.apache.catalina.core.StandardService - Starting service [Tomcat]
2025-09-30 11:32:39 [main] INFO  org.apache.catalina.core.StandardEngine - Starting Servlet engine: [Apache Tomcat/10.1.30]
2025-09-30 11:32:40 [main] INFO  o.a.c.core.ContainerBase.[Tomcat].[localhost].[/] - Initializing Spring embedded WebApplicationContext
2025-09-30 11:32:40 [main] INFO  o.s.b.w.s.c.ServletWebServerApplicationContext - Root WebApplicationContext: initialization completed in 2636 ms
2025-09-30 11:32:41 [main] DEBUG com.baomidou.mybatisplus.core.toolkit.Sequence - Get /198.18.0.1 network interface 
2025-09-30 11:32:41 [main] DEBUG com.baomidou.mybatisplus.core.toolkit.Sequence - Get network interface info: name:iftype53_32768 (Meta Tunnel)
2025-09-30 11:32:41 [main] DEBUG com.baomidou.mybatisplus.core.toolkit.Sequence - Initialization Sequence datacenterId:0 workerId:8
2025-09-30 11:32:41 [main] INFO  c.d.g.p.service.blockchain.EventListeningService - 事件监听服务初始化完成
2025-09-30 11:32:41 [main] INFO  o.s.b.a.web.servlet.WelcomePageHandlerMapping - Adding welcome page template: index
2025-09-30 11:32:42 [main] INFO  o.s.boot.web.embedded.tomcat.TomcatWebServer - Tomcat started on port 8080 (http) with context path '/'
2025-09-30 11:32:42 [main] INFO  c.d.g.p.DecentralizedGamingPlatformApplication - Started DecentralizedGamingPlatformApplication in 5.639 seconds (process running for 6.141)
2025-09-30 11:33:40 [pool-5-thread-1] DEBUG c.d.g.p.service.blockchain.BlockchainCacheService - 清理过期缓存条目完成
2025-09-30 11:34:40 [pool-5-thread-1] DEBUG c.d.g.p.service.blockchain.BlockchainCacheService - 清理过期缓存条目完成
2025-09-30 11:34:44 [SpringApplicationShutdownHook] INFO  c.d.g.p.service.blockchain.EventListeningService - 停止监听智能合约事件
2025-09-30 11:34:44 [SpringApplicationShutdownHook] INFO  c.d.g.p.service.blockchain.EventListeningService - 事件监听服务已关闭
2025-09-30 11:35:40 [main] INFO  c.d.g.p.DecentralizedGamingPlatformApplication - Starting DecentralizedGamingPlatformApplication using Java 21.0.8 with PID 25048 (D:\去中心化游戏\Decentralized-gaming-platform\target\classes started by Administrator in D:\去中心化游戏\Decentralized-gaming-platform)
2025-09-30 11:35:40 [main] DEBUG c.d.g.p.DecentralizedGamingPlatformApplication - Running with Spring Boot v3.3.4, Spring v6.1.13
2025-09-30 11:35:40 [main] INFO  c.d.g.p.DecentralizedGamingPlatformApplication - No active profile set, falling back to 1 default profile: "default"
2025-09-30 11:35:41 [main] INFO  o.s.boot.web.embedded.tomcat.TomcatWebServer - Tomcat initialized with port 8080 (http)
2025-09-30 11:35:41 [main] INFO  org.apache.catalina.core.StandardService - Starting service [Tomcat]
2025-09-30 11:35:41 [main] INFO  org.apache.catalina.core.StandardEngine - Starting Servlet engine: [Apache Tomcat/10.1.30]
2025-09-30 11:35:41 [main] INFO  o.a.c.core.ContainerBase.[Tomcat].[localhost].[/] - Initializing Spring embedded WebApplicationContext
2025-09-30 11:35:41 [main] INFO  o.s.b.w.s.c.ServletWebServerApplicationContext - Root WebApplicationContext: initialization completed in 1845 ms
2025-09-30 11:35:42 [main] DEBUG com.baomidou.mybatisplus.core.toolkit.Sequence - Get /198.18.0.1 network interface 
2025-09-30 11:35:42 [main] DEBUG com.baomidou.mybatisplus.core.toolkit.Sequence - Get network interface info: name:iftype53_32768 (Meta Tunnel)
2025-09-30 11:35:42 [main] DEBUG com.baomidou.mybatisplus.core.toolkit.Sequence - Initialization Sequence datacenterId:0 workerId:1
2025-09-30 11:35:42 [main] INFO  c.d.g.p.service.blockchain.EventListeningService - 事件监听服务初始化完成
2025-09-30 11:35:43 [main] INFO  o.s.b.a.web.servlet.WelcomePageHandlerMapping - Adding welcome page template: index
2025-09-30 11:35:43 [main] INFO  o.s.boot.web.embedded.tomcat.TomcatWebServer - Tomcat started on port 8080 (http) with context path '/'
2025-09-30 11:35:43 [main] INFO  c.d.g.p.DecentralizedGamingPlatformApplication - Started DecentralizedGamingPlatformApplication in 4.094 seconds (process running for 4.751)
2025-09-30 11:35:46 [http-nio-8080-exec-1] INFO  o.a.c.core.ContainerBase.[Tomcat].[localhost].[/] - Initializing Spring DispatcherServlet 'dispatcherServlet'
2025-09-30 11:35:46 [http-nio-8080-exec-1] INFO  org.springframework.web.servlet.DispatcherServlet - Initializing Servlet 'dispatcherServlet'
2025-09-30 11:35:46 [http-nio-8080-exec-1] INFO  org.springframework.web.servlet.DispatcherServlet - Completed initialization in 1 ms
2025-09-30 11:35:47 [http-nio-8080-exec-4] WARN  org.springdoc.core.models.ParameterInfo - Using the following default value : latest, without spring conversionService
2025-09-30 11:35:47 [http-nio-8080-exec-4] WARN  org.springdoc.core.models.ParameterInfo - Using the following default value : latest, without spring conversionService
2025-09-30 11:35:47 [http-nio-8080-exec-4] WARN  org.springdoc.core.models.ParameterInfo - Using the following default value : latest, without spring conversionService
2025-09-30 11:35:47 [http-nio-8080-exec-4] WARN  org.springdoc.core.models.ParameterInfo - Using the following default value : latest, without spring conversionService
2025-09-30 11:35:47 [http-nio-8080-exec-4] WARN  org.springdoc.core.models.ParameterInfo - Using the following default value : latest, without spring conversionService
2025-09-30 11:35:47 [http-nio-8080-exec-4] WARN  org.springdoc.core.models.ParameterInfo - Using the following default value : latest, without spring conversionService
2025-09-30 11:35:47 [http-nio-8080-exec-4] INFO  org.springdoc.api.AbstractOpenApiResource - Init duration for springdoc-openapi is: 779 ms
2025-09-30 11:36:09 [http-nio-8080-exec-5] WARN  o.t.s.p.AbstractStandardFragmentInsertionTagProcessor - [THYMELEAF][http-nio-8080-exec-5][index] Deprecated unwrapped fragment expression "layout/nav :: nav" found in template index, line 19, col 10. Please use the complete syntax of fragment expressions instead ("~{layout/nav :: nav}"). The old, unwrapped syntax for fragment expressions will be removed in future versions of Thymeleaf.
2025-09-30 11:36:10 [http-nio-8080-exec-8] ERROR c.d.g.platform.exception.GlobalExceptionHandler - 系统异常: No static resource favicon.ico.
org.springframework.web.servlet.resource.NoResourceFoundException: No static resource favicon.ico.
	at org.springframework.web.servlet.resource.ResourceHttpRequestHandler.handleRequest(ResourceHttpRequestHandler.java:585)
	at org.springframework.web.servlet.mvc.HttpRequestHandlerAdapter.handle(HttpRequestHandlerAdapter.java:52)
	at org.springframework.web.servlet.DispatcherServlet.doDispatch(DispatcherServlet.java:1089)
	at org.springframework.web.servlet.DispatcherServlet.doService(DispatcherServlet.java:979)
	at org.springframework.web.servlet.FrameworkServlet.processRequest(FrameworkServlet.java:1014)
	at org.springframework.web.servlet.FrameworkServlet.doGet(FrameworkServlet.java:903)
	at jakarta.servlet.http.HttpServlet.service(HttpServlet.java:564)
	at org.springframework.web.servlet.FrameworkServlet.service(FrameworkServlet.java:885)
	at jakarta.servlet.http.HttpServlet.service(HttpServlet.java:658)
	at org.apache.catalina.core.ApplicationFilterChain.internalDoFilter(ApplicationFilterChain.java:195)
	at org.apache.catalina.core.ApplicationFilterChain.doFilter(ApplicationFilterChain.java:140)
	at org.apache.tomcat.websocket.server.WsFilter.doFilter(WsFilter.java:51)
	at org.apache.catalina.core.ApplicationFilterChain.internalDoFilter(ApplicationFilterChain.java:164)
	at org.apache.catalina.core.ApplicationFilterChain.doFilter(ApplicationFilterChain.java:140)
	at org.springframework.web.filter.RequestContextFilter.doFilterInternal(RequestContextFilter.java:100)
	at org.springframework.web.filter.OncePerRequestFilter.doFilter(OncePerRequestFilter.java:116)
	at org.apache.catalina.core.ApplicationFilterChain.internalDoFilter(ApplicationFilterChain.java:164)
	at org.apache.catalina.core.ApplicationFilterChain.doFilter(ApplicationFilterChain.java:140)
	at org.springframework.web.filter.FormContentFilter.doFilterInternal(FormContentFilter.java:93)
	at org.springframework.web.filter.OncePerRequestFilter.doFilter(OncePerRequestFilter.java:116)
	at org.apache.catalina.core.ApplicationFilterChain.internalDoFilter(ApplicationFilterChain.java:164)
	at org.apache.catalina.core.ApplicationFilterChain.doFilter(ApplicationFilterChain.java:140)
	at org.springframework.web.filter.CharacterEncodingFilter.doFilterInternal(CharacterEncodingFilter.java:201)
	at org.springframework.web.filter.OncePerRequestFilter.doFilter(OncePerRequestFilter.java:116)
	at org.apache.catalina.core.ApplicationFilterChain.internalDoFilter(ApplicationFilterChain.java:164)
	at org.apache.catalina.core.ApplicationFilterChain.doFilter(ApplicationFilterChain.java:140)
	at org.apache.catalina.core.StandardWrapperValve.invoke(StandardWrapperValve.java:167)
	at org.apache.catalina.core.StandardContextValve.invoke(StandardContextValve.java:90)
	at org.apache.catalina.authenticator.AuthenticatorBase.invoke(AuthenticatorBase.java:483)
	at org.apache.catalina.core.StandardHostValve.invoke(StandardHostValve.java:115)
	at org.apache.catalina.valves.ErrorReportValve.invoke(ErrorReportValve.java:93)
	at org.apache.catalina.core.StandardEngineValve.invoke(StandardEngineValve.java:74)
	at org.apache.catalina.connector.CoyoteAdapter.service(CoyoteAdapter.java:344)
	at org.apache.coyote.http11.Http11Processor.service(Http11Processor.java:384)
	at org.apache.coyote.AbstractProcessorLight.process(AbstractProcessorLight.java:63)
	at org.apache.coyote.AbstractProtocol$ConnectionHandler.process(AbstractProtocol.java:905)
	at org.apache.tomcat.util.net.NioEndpoint$SocketProcessor.doRun(NioEndpoint.java:1741)
	at org.apache.tomcat.util.net.SocketProcessorBase.run(SocketProcessorBase.java:52)
	at org.apache.tomcat.util.threads.ThreadPoolExecutor.runWorker(ThreadPoolExecutor.java:1190)
	at org.apache.tomcat.util.threads.ThreadPoolExecutor$Worker.run(ThreadPoolExecutor.java:659)
	at org.apache.tomcat.util.threads.TaskThread$WrappingRunnable.run(TaskThread.java:63)
	at java.base/java.lang.Thread.run(Thread.java:1583)
2025-09-30 11:36:42 [pool-5-thread-1] DEBUG c.d.g.p.service.blockchain.BlockchainCacheService - 清理过期缓存条目完成
2025-09-30 11:37:42 [pool-5-thread-1] DEBUG c.d.g.p.service.blockchain.BlockchainCacheService - 清理过期缓存条目完成
2025-09-30 11:38:42 [pool-5-thread-1] DEBUG c.d.g.p.service.blockchain.BlockchainCacheService - 清理过期缓存条目完成
2025-09-30 11:39:42 [pool-5-thread-1] DEBUG c.d.g.p.service.blockchain.BlockchainCacheService - 清理过期缓存条目完成
2025-09-30 11:40:42 [pool-5-thread-1] DEBUG c.d.g.p.service.blockchain.BlockchainCacheService - 清理过期缓存条目完成
2025-09-30 11:41:42 [pool-5-thread-1] DEBUG c.d.g.p.service.blockchain.BlockchainCacheService - 清理过期缓存条目完成
2025-09-30 11:42:42 [pool-5-thread-1] DEBUG c.d.g.p.service.blockchain.BlockchainCacheService - 清理过期缓存条目完成
2025-09-30 11:43:42 [pool-5-thread-1] DEBUG c.d.g.p.service.blockchain.BlockchainCacheService - 清理过期缓存条目完成
2025-09-30 11:44:42 [pool-5-thread-1] DEBUG c.d.g.p.service.blockchain.BlockchainCacheService - 清理过期缓存条目完成
2025-09-30 11:45:42 [pool-5-thread-1] DEBUG c.d.g.p.service.blockchain.BlockchainCacheService - 清理过期缓存条目完成
2025-09-30 11:46:42 [pool-5-thread-1] DEBUG c.d.g.p.service.blockchain.BlockchainCacheService - 清理过期缓存条目完成
2025-09-30 11:47:42 [pool-5-thread-1] DEBUG c.d.g.p.service.blockchain.BlockchainCacheService - 清理过期缓存条目完成
2025-09-30 11:48:42 [pool-5-thread-1] DEBUG c.d.g.p.service.blockchain.BlockchainCacheService - 清理过期缓存条目完成
2025-09-30 11:49:42 [pool-5-thread-1] DEBUG c.d.g.p.service.blockchain.BlockchainCacheService - 清理过期缓存条目完成
2025-09-30 11:50:42 [pool-5-thread-1] DEBUG c.d.g.p.service.blockchain.BlockchainCacheService - 清理过期缓存条目完成
2025-09-30 11:51:42 [pool-5-thread-1] DEBUG c.d.g.p.service.blockchain.BlockchainCacheService - 清理过期缓存条目完成
2025-09-30 11:52:42 [pool-5-thread-1] DEBUG c.d.g.p.service.blockchain.BlockchainCacheService - 清理过期缓存条目完成
2025-09-30 11:53:42 [pool-5-thread-1] DEBUG c.d.g.p.service.blockchain.BlockchainCacheService - 清理过期缓存条目完成
2025-09-30 11:54:42 [pool-5-thread-1] DEBUG c.d.g.p.service.blockchain.BlockchainCacheService - 清理过期缓存条目完成
2025-09-30 11:55:42 [pool-5-thread-1] DEBUG c.d.g.p.service.blockchain.BlockchainCacheService - 清理过期缓存条目完成
2025-09-30 11:56:42 [pool-5-thread-1] DEBUG c.d.g.p.service.blockchain.BlockchainCacheService - 清理过期缓存条目完成
2025-09-30 11:57:42 [pool-5-thread-1] DEBUG c.d.g.p.service.blockchain.BlockchainCacheService - 清理过期缓存条目完成
2025-09-30 11:58:42 [pool-5-thread-1] DEBUG c.d.g.p.service.blockchain.BlockchainCacheService - 清理过期缓存条目完成
2025-09-30 11:59:42 [pool-5-thread-1] DEBUG c.d.g.p.service.blockchain.BlockchainCacheService - 清理过期缓存条目完成
2025-09-30 12:00:42 [pool-5-thread-1] DEBUG c.d.g.p.service.blockchain.BlockchainCacheService - 清理过期缓存条目完成
2025-09-30 12:01:42 [pool-5-thread-1] DEBUG c.d.g.p.service.blockchain.BlockchainCacheService - 清理过期缓存条目完成
2025-09-30 12:02:42 [pool-5-thread-1] DEBUG c.d.g.p.service.blockchain.BlockchainCacheService - 清理过期缓存条目完成
2025-09-30 12:03:42 [pool-5-thread-1] DEBUG c.d.g.p.service.blockchain.BlockchainCacheService - 清理过期缓存条目完成
2025-09-30 12:04:42 [pool-5-thread-1] DEBUG c.d.g.p.service.blockchain.BlockchainCacheService - 清理过期缓存条目完成
2025-09-30 12:05:42 [pool-5-thread-1] DEBUG c.d.g.p.service.blockchain.BlockchainCacheService - 清理过期缓存条目完成
2025-09-30 12:06:42 [pool-5-thread-1] DEBUG c.d.g.p.service.blockchain.BlockchainCacheService - 清理过期缓存条目完成
2025-09-30 12:07:42 [pool-5-thread-1] DEBUG c.d.g.p.service.blockchain.BlockchainCacheService - 清理过期缓存条目完成
2025-09-30 12:08:42 [pool-5-thread-1] DEBUG c.d.g.p.service.blockchain.BlockchainCacheService - 清理过期缓存条目完成
2025-09-30 12:09:42 [pool-5-thread-1] DEBUG c.d.g.p.service.blockchain.BlockchainCacheService - 清理过期缓存条目完成
2025-09-30 12:10:42 [pool-5-thread-1] DEBUG c.d.g.p.service.blockchain.BlockchainCacheService - 清理过期缓存条目完成
2025-09-30 12:11:42 [pool-5-thread-1] DEBUG c.d.g.p.service.blockchain.BlockchainCacheService - 清理过期缓存条目完成
2025-09-30 12:12:42 [pool-5-thread-1] DEBUG c.d.g.p.service.blockchain.BlockchainCacheService - 清理过期缓存条目完成
2025-09-30 12:13:42 [pool-5-thread-1] DEBUG c.d.g.p.service.blockchain.BlockchainCacheService - 清理过期缓存条目完成
2025-09-30 12:14:42 [pool-5-thread-1] DEBUG c.d.g.p.service.blockchain.BlockchainCacheService - 清理过期缓存条目完成
2025-09-30 12:15:42 [pool-5-thread-1] DEBUG c.d.g.p.service.blockchain.BlockchainCacheService - 清理过期缓存条目完成
2025-09-30 12:16:42 [pool-5-thread-1] DEBUG c.d.g.p.service.blockchain.BlockchainCacheService - 清理过期缓存条目完成
2025-09-30 12:17:42 [pool-5-thread-1] DEBUG c.d.g.p.service.blockchain.BlockchainCacheService - 清理过期缓存条目完成
2025-09-30 12:18:42 [pool-5-thread-1] DEBUG c.d.g.p.service.blockchain.BlockchainCacheService - 清理过期缓存条目完成
2025-09-30 12:19:42 [pool-5-thread-1] DEBUG c.d.g.p.service.blockchain.BlockchainCacheService - 清理过期缓存条目完成
2025-09-30 12:20:42 [pool-5-thread-1] DEBUG c.d.g.p.service.blockchain.BlockchainCacheService - 清理过期缓存条目完成
2025-09-30 12:21:42 [pool-5-thread-1] DEBUG c.d.g.p.service.blockchain.BlockchainCacheService - 清理过期缓存条目完成
2025-09-30 12:22:42 [pool-5-thread-1] DEBUG c.d.g.p.service.blockchain.BlockchainCacheService - 清理过期缓存条目完成
2025-09-30 12:23:02 [main] INFO  c.d.g.p.s.b.BlockchainServiceRefactoringTest - Starting BlockchainServiceRefactoringTest using Java 21.0.8 with PID 24052 (started by Administrator in D:\去中心化游戏\Decentralized-gaming-platform)
2025-09-30 12:23:02 [main] DEBUG c.d.g.p.s.b.BlockchainServiceRefactoringTest - Running with Spring Boot v3.3.4, Spring v6.1.13
2025-09-30 12:23:02 [main] INFO  c.d.g.p.s.b.BlockchainServiceRefactoringTest - The following 1 profile is active: "test"
2025-09-30 12:23:06 [main] DEBUG com.baomidou.mybatisplus.core.toolkit.Sequence - Get /198.18.0.1 network interface 
2025-09-30 12:23:06 [main] DEBUG com.baomidou.mybatisplus.core.toolkit.Sequence - Get network interface info: name:iftype53_32768 (Meta Tunnel)
2025-09-30 12:23:06 [main] DEBUG com.baomidou.mybatisplus.core.toolkit.Sequence - Initialization Sequence datacenterId:0 workerId:27
2025-09-30 12:23:06 [main] INFO  c.d.g.p.s.b.impl.EventListeningServiceImpl - 事件监听服务初始化完成
2025-09-30 12:23:07 [main] INFO  o.s.b.a.web.servlet.WelcomePageHandlerMapping - Adding welcome page template: index
2025-09-30 12:23:08 [main] INFO  c.d.g.p.s.b.BlockchainServiceRefactoringTest - Started BlockchainServiceRefactoringTest in 5.98 seconds (process running for 7.443)
2025-09-30 12:23:09 [SpringApplicationShutdownHook] INFO  c.d.g.p.s.b.impl.EventListeningServiceImpl - 停止监听智能合约事件
2025-09-30 12:23:09 [SpringApplicationShutdownHook] INFO  c.d.g.p.s.b.impl.EventListeningServiceImpl - 事件监听服务已关闭
2025-09-30 12:23:42 [pool-5-thread-1] DEBUG c.d.g.p.service.blockchain.BlockchainCacheService - 清理过期缓存条目完成
2025-09-30 12:24:42 [pool-5-thread-1] DEBUG c.d.g.p.service.blockchain.BlockchainCacheService - 清理过期缓存条目完成
2025-09-30 12:25:42 [pool-5-thread-1] DEBUG c.d.g.p.service.blockchain.BlockchainCacheService - 清理过期缓存条目完成
2025-09-30 12:26:36 [SpringApplicationShutdownHook] INFO  c.d.g.p.service.blockchain.EventListeningService - 停止监听智能合约事件
2025-09-30 12:26:36 [SpringApplicationShutdownHook] INFO  c.d.g.p.service.blockchain.EventListeningService - 事件监听服务已关闭
2025-09-30 12:26:45 [main] INFO  c.d.g.p.DecentralizedGamingPlatformApplication - Starting DecentralizedGamingPlatformApplication using Java 21.0.8 with PID 24560 (D:\去中心化游戏\Decentralized-gaming-platform\target\classes started by Administrator in D:\去中心化游戏\Decentralized-gaming-platform)
2025-09-30 12:26:45 [main] DEBUG c.d.g.p.DecentralizedGamingPlatformApplication - Running with Spring Boot v3.3.4, Spring v6.1.13
2025-09-30 12:26:45 [main] INFO  c.d.g.p.DecentralizedGamingPlatformApplication - No active profile set, falling back to 1 default profile: "default"
2025-09-30 12:26:47 [main] INFO  o.s.boot.web.embedded.tomcat.TomcatWebServer - Tomcat initialized with port 8080 (http)
2025-09-30 12:26:47 [main] INFO  org.apache.catalina.core.StandardService - Starting service [Tomcat]
2025-09-30 12:26:47 [main] INFO  org.apache.catalina.core.StandardEngine - Starting Servlet engine: [Apache Tomcat/10.1.30]
2025-09-30 12:26:47 [main] INFO  o.a.c.core.ContainerBase.[Tomcat].[localhost].[/] - Initializing Spring embedded WebApplicationContext
2025-09-30 12:26:47 [main] INFO  o.s.b.w.s.c.ServletWebServerApplicationContext - Root WebApplicationContext: initialization completed in 1669 ms
2025-09-30 12:26:48 [main] DEBUG com.baomidou.mybatisplus.core.toolkit.Sequence - Get /198.18.0.1 network interface 
2025-09-30 12:26:48 [main] DEBUG com.baomidou.mybatisplus.core.toolkit.Sequence - Get network interface info: name:iftype53_32768 (Meta Tunnel)
2025-09-30 12:26:48 [main] DEBUG com.baomidou.mybatisplus.core.toolkit.Sequence - Initialization Sequence datacenterId:0 workerId:29
2025-09-30 12:26:48 [main] INFO  c.d.g.p.s.b.impl.EventListeningServiceImpl - 事件监听服务初始化完成
2025-09-30 12:26:48 [main] INFO  o.s.b.a.web.servlet.WelcomePageHandlerMapping - Adding welcome page template: index
2025-09-30 12:26:49 [main] INFO  o.s.boot.web.embedded.tomcat.TomcatWebServer - Tomcat started on port 8080 (http) with context path '/'
2025-09-30 12:26:49 [main] INFO  c.d.g.p.DecentralizedGamingPlatformApplication - Started DecentralizedGamingPlatformApplication in 3.765 seconds (process running for 4.418)
2025-09-30 12:26:54 [http-nio-8080-exec-1] INFO  o.a.c.core.ContainerBase.[Tomcat].[localhost].[/] - Initializing Spring DispatcherServlet 'dispatcherServlet'
2025-09-30 12:26:54 [http-nio-8080-exec-1] INFO  org.springframework.web.servlet.DispatcherServlet - Initializing Servlet 'dispatcherServlet'
2025-09-30 12:26:54 [http-nio-8080-exec-1] INFO  org.springframework.web.servlet.DispatcherServlet - Completed initialization in 1 ms
2025-09-30 12:26:55 [http-nio-8080-exec-3] WARN  org.springdoc.core.models.ParameterInfo - Using the following default value : latest, without spring conversionService
2025-09-30 12:26:55 [http-nio-8080-exec-3] WARN  org.springdoc.core.models.ParameterInfo - Using the following default value : latest, without spring conversionService
2025-09-30 12:26:55 [http-nio-8080-exec-3] WARN  org.springdoc.core.models.ParameterInfo - Using the following default value : latest, without spring conversionService
2025-09-30 12:26:56 [http-nio-8080-exec-3] WARN  org.springdoc.core.models.ParameterInfo - Using the following default value : latest, without spring conversionService
2025-09-30 12:26:56 [http-nio-8080-exec-3] WARN  org.springdoc.core.models.ParameterInfo - Using the following default value : latest, without spring conversionService
2025-09-30 12:26:56 [http-nio-8080-exec-3] WARN  org.springdoc.core.models.ParameterInfo - Using the following default value : latest, without spring conversionService
2025-09-30 12:26:56 [http-nio-8080-exec-3] INFO  org.springdoc.api.AbstractOpenApiResource - Init duration for springdoc-openapi is: 788 ms
2025-09-30 12:27:12 [SpringApplicationShutdownHook] INFO  c.d.g.p.s.b.impl.EventListeningServiceImpl - 停止监听智能合约事件
2025-09-30 12:27:12 [SpringApplicationShutdownHook] INFO  c.d.g.p.s.b.impl.EventListeningServiceImpl - 事件监听服务已关闭
